[main] outer call (payload 25822 bytes)
var_push(0): 1
var_push(1): 1
var_push(2): 1
var_push(3): 1
var_push(4): 1
var_push(5): 1
var_push(6): 1
var_push(7): 1
var_push(8): 1
var_push(9): 1
var_push(10): 1
var_push(11): 1
var_push(12): 1
var_push(13): 1
var_push(14): 1
var_push(15): 1
var_push(16): 1
var_push(17): 1
var_push(18): 1
var_push(19): 1
var_push(20): 1
var_push(21): 1
var_push(22): 1
var_push(23): 1
var_push(24): 1
var_push(25): 1
var_push(26): 1
var_push(27): 1
var_push(28): 1
var_push(29): 1
var_push(30): 1
var_push(31): 1
var_push(32): 1
var_push(33): 1
var_push(34): 1
var_push(35): 1
var_push(36): 1
var_push(37): 1
var_push(38): 1
var_push(39): 1
var_push(40): 1
var_push(41): 1
var_push(42): 1
var_push(43): 1
var_push(44): 1
var_push(45): 1
var_push(46): 1
var_push(47): 1
var_push(48): 1
var_push(49): 1
var_push(50): 1
var_push(51): 1
var_push(52): 1
var_push(53): 1
var_push(54): 1
var_push(55): 1
var_push(56): 1
var_push(57): 1
var_push(58): 1
var_push(59): 1
var_push(60): 1
var_push(61): 1
var_push(62): 1
var_push(63): 1
var_push(64): 1
var_push(65): 1
var_push(66): 1
var_push(67): 1
var_push(68): 1
var_push(69): 1
var_push(70): 1
var_push(71): 1
var_push(72): 1
var_push(73): 1
var_push(74): 1
var_push(75): 1
var_push(76): 1
var_push(77): 1
var_push(78): 1
var_push(79): 1
var_push(80): 1
var_push(81): 1
var_push(82): 1
var_push(83): 1
var_push(84): 1
var_push(85): 1
var_push(86): 1
var_push(87): 1
var_push(88): 1
var_push(89): 1
var_push(90): 1
var_push(91): 1
var_push(92): 1
var_push(93): 1
var_push(94): 1
var_push(95): 1
var_push(96): 1
var_push(97): 1
var_push(98): 1
var_push(99): 1
var_push(100): 1
var_push(101): 1
var_push(102): 1
var_push(103): 1
var_push(104): 1
var_push(105): 1
var_push(106): 1
var_push(107): 1
var_push(108): 1
var_push(109): 1
var_push(110): 1
var_push(111): 1
var_push(112): 1
var_push(113): 1
var_push(114): 1
var_push(115): 1
var_push(116): 1
var_push(117): 1
var_push(118): 1
var_push(119): 1
var_push(120): 1
var_push(121): 1
var_push(122): 1
var_push(123): 1
var_push(124): 1
var_push(125): 1
var_push(126): 1
var_push(127): 1
var_push(128): 1
var_push(129): 1
var_push(130): 1
var_push(131): 1
var_push(132): 1
var_push(133): 1
var_push(134): 1
var_push(135): 1
var_push(136): 1
var_push(137): 1
var_push(138): 1
var_push(139): 1
var_push(140): 1
var_push(141): 1
var_push(142): 1
var_push(143): 1
var_push(144): 1
var_push(145): 1
var_push(146): 1
var_push(147): 1
var_push(148): 1
var_push(149): 1
var_push(150): 1
var_push(151): 1
var_push(152): 1
var_push(153): 1
var_push(154): 1
var_push(155): 1
var_push(156): 1
var_push(157): 1
var_push(158): 1
var_push(159): 1
var_push(160): 1
var_push(161): 1
var_push(162): 1
var_push(163): 1
var_push(164): 1
var_push(165): 1
var_push(166): 1
var_push(167): 1
var_push(168): 1
var_push(169): 1
var_push(170): 1
var_push(171): 1
var_push(172): 1
var_push(173): 1
var_push(174): 1
var_push(175): 1
var_push(176): 1
var_push(177): 1
var_push(178): 1
var_push(179): 1
var_push(180): 1
var_push(181): 1
var_push(182): 1
var_push(183): 1
var_push(184): 1
var_push(185): 1
var_push(186): 1
var_push(187): 1
var_push(188): 1
var_push(189): 1
var_push(190): 1
var_push(191): 1
var_push(192): 1
var_push(193): 1
var_push(194): 1
var_push(195): 1
var_push(196): 1
var_push(197): 1
var_push(198): 1
var_push(199): 1
var_push(200): 1
var_push(201): 1
var_push(202): 1
var_push(203): 1
var_push(204): 1
var_push(205): 1
var_push(206): 1
var_push(207): 1
var_push(208): 1
var_push(209): 1
var_push(210): 1
var_push(211): 1
var_push(212): 1
var_push(213): 1
var_push(214): 1
var_push(215): 1
var_push(216): 1
var_push(217): 1
var_push(218): 1
var_push(219): 1
var_push(220): 1
var_push(221): 1
var_push(222): 1
var_push(223): 1
var_push(224): 1
var_push(225): 1
var_push(226): 1
var_push(227): 1
var_push(228): 1
var_push(229): 1
var_push(230): 1
var_push(231): 1
var_push(232): 1
var_push(233): 1
var_push(234): 1
var_push(235): 1
var_push(236): 1
var_push(237): 1
var_push(238): 1
var_push(239): 1
var_push(240): 1
var_push(241): 1
var_push(242): 1
var_push(243): 1
var_push(244): 1
var_push(245): 1
var_push(246): 1
var_push(247): 1
var_push(248): 1
var_push(249): 1
var_push(250): 1
var_push(251): 1
var_push(252): 1
var_push(253): 1
var_push(254): 1
var_push(255): 1
var_push(256): 1
var_push(257): 1
var_push(258): 1
var_push(259): 1
var_push(260): 1
var_push(261): 1
var_push(262): 1
var_push(263): 1
var_push(264): 1
var_push(265): 1
var_push(266): 1
var_push(267): 1
var_push(268): 1
var_push(269): 1
var_push(270): 1
var_push(271): 1
var_push(272): 1
var_push(273): 1
var_push(274): 1
var_push(275): 1
var_push(276): 1
var_push(277): 1
var_push(278): 1
var_push(279): 1
var_push(280): 1
var_push(281): 1
var_push(282): 1
var_push(283): 1
var_push(284): 1
var_push(285): 1
var_push(286): 1
var_push(287): 1
var_push(288): 1
var_push(289): 1
var_push(290): 1
var_push(291): 1
var_push(292): 1
var_push(293): 1
var_push(294): 1
var_push(295): 1
var_push(296): 1
var_push(297): 1
var_push(298): 1
var_push(299): 1
var_push(300): 1
var_push(301): 1
var_push(302): 1
var_push(303): 1
var_push(304): 1
var_push(305): 1
var_push(306): 1
var_push(307): 1
var_push(308): 1
var_push(309): 1
var_push(310): 1
var_push(311): 1
var_push(312): 1
var_push(313): 1
var_push(314): 1
var_push(315): 1
var_push(316): 1
var_push(317): 1
var_push(318): 1
var_push(319): 1
var_push(320): 1
var_push(321): 1
var_push(322): 1
var_push(323): 1
var_push(324): 1
var_push(325): 1
var_push(326): 1
var_push(327): 1
var_push(328): 1
var_push(329): 1
var_push(330): 1
var_push(331): 1
var_push(332): 1
var_push(333): 1
var_push(334): 1
var_push(335): 1
var_push(336): 1
var_push(337): 1
var_push(338): 1
var_push(339): 1
var_push(340): 1
var_push(341): 1
var_push(342): 1
var_push(343): 1
var_push(344): 1
var_push(345): 1
var_push(346): 1
var_push(347): 1
var_push(348): 1
var_push(349): 1
var_push(350): 1
var_push(351): 1
var_push(352): 1
var_push(353): 1
var_push(354): 1
var_push(355): 1
var_push(356): 1
var_push(357): 1
var_push(358): 1
var_push(359): 1
var_push(360): 1
var_push(361): 1
var_push(362): 1
var_push(363): 1
var_push(364): 1
var_push(365): 1
var_push(366): 1
var_push(367): 1
var_push(368): 1
var_push(369): 1
var_push(370): 1
var_push(371): 1
var_push(372): 1
var_push(373): 1
var_push(374): 1
var_push(375): 1
var_push(376): 1
var_push(377): 1
var_push(378): 1
var_push(379): 1
var_push(380): 1
var_push(381): 1
var_push(382): 1
var_push(383): 1
var_push(384): 1
var_push(385): 1
var_push(386): 1
var_push(387): 1
var_push(388): 1
var_push(389): 1
var_push(390): 1
var_push(391): 1
var_push(392): 1
var_push(393): 1
var_push(394): 1
var_push(395): 1
var_push(396): 1
var_push(397): 1
var_push(398): 1
var_push(399): 1
var_push(400): 1
var_push(401): 1
var_push(402): 1
var_push(403): 1
var_push(404): 1
var_push(405): 1
var_push(406): 1
var_push(407): 1
var_push(408): 1
var_push(409): 1
var_push(410): 1
var_push(411): 1
var_push(412): 1
var_push(413): 1
var_push(414): 1
var_push(415): 1
var_push(416): 1
var_push(417): 1
var_push(418): 1
var_push(419): 1
var_push(420): 1
var_push(421): 1
var_push(422): 1
var_push(423): 1
var_push(424): 1
var_push(425): 1
var_push(426): 1
var_push(427): 1
var_push(428): 1
var_push(429): 1
var_push(430): 1
var_push(431): 1
var_push(432): 1
var_push(433): 1
var_push(434): 1
var_push(435): 1
var_push(436): 1
var_push(437): 1
var_push(438): 1
var_push(439): 1
var_push(440): 1
var_push(441): 1
var_push(442): 1
var_push(443): 1
var_push(444): 1
var_push(445): 1
var_push(446): 1
var_push(447): 1
var_push(448): 1
var_push(449): 1
var_push(450): 1
var_push(451): 1
var_push(452): 1
var_push(453): 1
var_push(454): 1
var_push(455): 1
var_push(456): 1
var_push(457): 1
var_push(458): 1
var_push(459): 1
var_push(460): 1
var_push(461): 1
var_push(462): 1
var_push(463): 1
var_push(464): 1
var_push(465): 1
var_push(466): 1
var_push(467): 1
var_push(468): 1
var_push(469): 1
var_push(470): 1
var_push(471): 1
var_push(472): 1
var_push(473): 1
var_push(474): 1
var_push(475): 1
var_push(476): 1
var_push(477): 1
var_push(478): 1
var_push(479): 1
var_push(480): 1
var_push(481): 1
var_push(482): 1
var_push(483): 1
var_push(484): 1
var_push(485): 1
var_push(486): 1
var_push(487): 1
var_push(488): 1
var_push(489): 1
var_push(490): 1
var_push(491): 1
var_push(492): 1
var_push(493): 1
var_push(494): 1
var_push(495): 1
var_push(496): 1
var_push(497): 1
var_push(498): 1
var_push(499): 1
var_push(500): 1
var_push(501): 1
var_push(502): 1
var_push(503): 1
var_push(504): 1
var_push(505): 1
var_push(506): 1
var_push(507): 1
var_push(508): 1
var_push(509): 1
var_push(510): 1
var_push(511): 1
var_push(512): 1
var_push(513): 1
var_push(514): 1
var_push(515): 1
var_push(516): 1
var_push(517): 1
var_push(518): 1
var_push(519): 1
var_push(520): 1
var_push(521): 1
var_push(522): 1
var_push(523): 1
var_push(524): 1
var_push(525): 1
var_push(526): 1
var_push(527): 1
var_push(528): 1
var_push(529): 1
var_push(530): 1
var_push(531): 1
var_push(532): 1
var_push(533): 1
var_push(534): 1
var_push(535): 1
var_push(536): 1
var_push(537): 1
var_push(538): 1
var_push(539): 1
var_push(540): 1
var_push(541): 1
var_push(542): 1
var_push(543): 1
var_push(544): 1
var_push(545): 1
var_push(546): 1
var_push(547): 1
var_push(548): 1
var_push(549): 1
var_push(550): 1
var_push(551): 1
var_push(552): 1
var_push(553): 1
var_push(554): 1
var_push(555): 1
var_push(556): 1
var_push(557): 1
var_push(558): 1
var_push(559): 1
var_push(560): 1
var_push(561): 1
var_push(562): 1
var_push(563): 1
var_push(564): 1
var_push(565): 1
var_push(566): 1
var_push(567): 1
var_push(568): 1
var_push(569): 1
var_push(570): 1
var_push(571): 1
var_push(572): 1
var_push(573): 1
var_push(574): 1
var_push(575): 1
var_push(576): 1
var_push(577): 1
var_push(578): 1
var_push(579): 1
var_push(580): 1
var_push(581): 1
var_push(582): 1
var_push(583): 1
var_push(584): 1
var_push(585): 1
var_push(586): 1
var_push(587): 1
var_push(588): 1
var_push(589): 1
var_push(590): 1
var_push(591): 1
var_push(592): 1
var_push(593): 1
var_push(594): 1
var_push(595): 1
var_push(596): 1
var_push(597): 1
var_push(598): 1
var_push(599): 1
var_push(600): 1
var_push(601): 1
var_push(602): 1
var_push(603): 1
var_push(604): 1
var_push(605): 1
var_push(606): 1
var_push(607): 1
var_push(608): 1
var_push(609): 1
var_push(610): 1
var_push(611): 1
var_push(612): 1
var_push(613): 1
var_push(614): 1
var_push(615): 1
var_push(616): 1
var_push(617): 1
var_push(618): 1
var_push(619): 1
var_push(620): 1
var_push(621): 1
var_push(622): 1
var_push(623): 1
var_push(624): 1
var_push(625): 1
var_push(626): 1
var_push(627): 1
var_push(628): 1
var_push(629): 1
var_push(630): 1
var_push(631): 1
var_push(632): 1
var_push(633): 1
var_push(634): 1
var_push(635): 1
var_push(636): 1
var_push(637): 1
var_push(638): 1
var_push(639): 1
var_push(640): 1
var_push(641): 1
var_push(642): 1
var_push(643): 1
var_push(644): 1
var_push(645): 1
var_push(646): 1
var_push(647): 1
var_push(648): 1
var_push(649): 1
var_push(650): 1
var_push(651): 1
var_push(652): 1
var_push(653): 1
var_push(654): 1
var_push(655): 1
var_push(656): 1
var_push(657): 1
var_push(658): 1
var_push(659): 1
var_push(660): 1
var_push(661): 1
var_push(662): 1
var_push(663): 1
var_push(664): 1
var_push(665): 1
var_push(666): 1
var_push(667): 1
var_push(668): 1
var_push(669): 1
var_push(670): 1
var_push(671): 1
var_push(672): 1
var_push(673): 1
var_push(674): 1
var_push(675): 1
var_push(676): 1
var_push(677): 1
var_push(678): 1
var_push(679): 1
var_push(680): 1
var_push(681): 1
var_push(682): 1
var_push(683): 1
var_push(684): 1
var_push(685): 1
var_push(686): 1
var_push(687): 1
var_push(688): 1
var_push(689): 1
var_push(690): 1
var_push(691): 1
var_push(692): 1
var_push(693): 1
var_push(694): 1
var_push(695): 1
var_push(696): 1
var_push(697): 1
var_push(698): 1
var_push(699): 1
var_push(700): 1
var_push(701): 1
var_push(702): 1
var_push(703): 1
var_push(704): 1
var_push(705): 1
var_push(706): 1
var_push(707): 1
var_push(708): 1
var_push(709): 1
var_push(710): 1
var_push(711): 1
var_push(712): 1
var_push(713): 1
var_push(714): 1
var_push(715): 1
var_push(716): 1
var_push(717): 1
var_push(718): 1
var_push(719): 1
var_push(720): 1
var_push(721): 1
var_push(722): 1
var_push(723): 1
var_push(724): 1
var_push(725): 1
var_push(726): 1
var_push(727): 1
var_push(728): 1
var_push(729): 1
var_push(730): 1
var_push(731): 1
var_push(732): 1
var_push(733): 1
var_push(734): 1
var_push(735): 1
var_push(736): 1
var_push(737): 1
var_push(738): 1
var_push(739): 1
var_push(740): 1
var_push(741): 1
var_push(742): 1
var_push(743): 1
var_push(744): 1
var_push(745): 1
var_push(746): 1
var_push(747): 1
var_push(748): 1
var_push(749): 1
var_push(750): 1
var_push(751): 1
var_push(752): 1
var_push(753): 1
var_push(754): 1
var_push(755): 1
var_push(756): 1
var_push(757): 1
var_push(758): 1
var_push(759): 1
var_push(760): 1
var_push(761): 1
var_push(762): 1
var_push(763): 1
var_push(764): 1
var_push(765): 1
var_push(766): 1
var_push(767): 1
var_push(768): 1
var_push(769): 1
var_push(770): 1
var_push(771): 1
var_push(772): 1
var_push(773): 1
var_push(774): 1
var_push(775): 1
var_push(776): 1
var_push(777): 1
var_push(778): 1
var_push(779): 1
var_push(780): 1
var_push(781): 1
var_push(782): 1
var_push(783): 1
var_push(784): 1
var_push(785): 1
var_push(786): 1
var_push(787): 1
var_push(788): 1
var_push(789): 1
var_push(790): 1
var_push(791): 1
var_push(792): 1
var_push(793): 1
var_push(794): 1
var_push(795): 1
var_push(796): 1
var_push(797): 1
var_push(798): 1
var_push(799): 1
var_push(800): 1
var_push(801): 1
var_push(802): 1
var_push(803): 1
var_push(804): 1
var_push(805): 1
var_push(806): 1
var_push(807): 1
var_push(808): 1
var_push(809): 1
var_push(810): 1
var_push(811): 1
var_push(812): 1
var_push(813): 1
var_push(814): 1
var_push(815): 1
var_push(816): 1
var_push(817): 1
var_push(818): 1
var_push(819): 1
var_push(820): 1
var_push(821): 1
var_push(822): 1
var_push(823): 1
var_push(824): 1
var_push(825): 1
var_push(826): 1
var_push(827): 1
var_push(828): 1
var_push(829): 1
var_push(830): 1
var_push(831): 1
var_push(832): 1
var_push(833): 1
var_push(834): 1
var_push(835): 1
var_push(836): 1
var_push(837): 1
var_push(838): 1
var_push(839): 1
var_push(840): 1
var_push(841): 1
var_push(842): 1
var_push(843): 1
var_push(844): 1
var_push(845): 1
var_push(846): 1
var_push(847): 1
var_push(848): 1
var_push(849): 1
var_push(850): 1
var_push(851): 1
var_push(852): 1
var_push(853): 1
var_push(854): 1
var_push(855): 1
var_push(856): 1
var_push(857): 1
var_push(858): 1
var_push(859): 1
var_push(860): 1
var_push(861): 1
var_push(862): 1
var_push(863): 1
var_push(864): 1
var_push(865): 1
var_push(866): 1
var_push(867): 1
var_push(868): 1
var_push(869): 1
var_push(870): 1
var_push(871): 1
var_push(872): 1
var_push(873): 1
var_push(874): 1
var_push(875): 1
var_push(876): 1
var_push(877): 1
var_push(878): 1
var_push(879): 1
var_push(880): 1
var_push(881): 1
var_push(882): 1
var_push(883): 1
var_push(884): 1
var_push(885): 1
var_push(886): 1
var_push(887): 1
var_push(888): 1
var_push(889): 1
var_push(890): 1
var_push(891): 1
var_push(892): 1
var_push(893): 1
var_push(894): 1
var_push(895): 1
var_push(896): 1
var_push(897): 1
var_push(898): 1
var_push(899): 1
var_push(900): 1
var_push(901): 1
var_push(902): 1
var_push(903): 1
var_push(904): 1
var_push(905): 1
var_push(906): 1
var_push(907): 1
var_push(908): 1
var_push(909): 1
var_push(910): 1
var_push(911): 1
var_push(912): 1
var_push(913): 1
var_push(914): 1
var_push(915): 1
var_push(916): 1
var_push(917): 1
var_push(918): 1
var_push(919): 1
var_push(920): 1
var_push(921): 1
var_push(922): 1
var_push(923): 1
var_push(924): 1
var_push(925): 1
var_push(926): 1
var_push(927): 1
var_push(928): 1
var_push(929): 1
var_push(930): 1
var_push(931): 1
var_push(932): 1
var_push(933): 1
var_push(934): 1
var_push(935): 1
var_push(936): 1
var_push(937): 1
var_push(938): 1
var_push(939): 1
var_push(940): 1
var_push(941): 1
var_push(942): 1
var_push(943): 1
var_push(944): 1
var_push(945): 1
var_push(946): 1
var_push(947): 1
var_push(948): 1
var_push(949): 1
var_push(950): 1
var_push(951): 1
var_push(952): 1
var_push(953): 1
var_push(954): 1
var_push(955): 1
var_push(956): 1
var_push(957): 1
var_push(958): 1
var_push(959): 1
var_push(960): 1
var_push(961): 1
var_push(962): 1
var_push(963): 1
var_push(964): 1
var_push(965): 1
var_push(966): 1
var_push(967): 1
var_push(968): 1
var_push(969): 1
var_push(970): 1
var_push(971): 1
var_push(972): 1
var_push(973): 1
var_push(974): 1
var_push(975): 1
var_push(976): 1
var_push(977): 1
var_push(978): 1
var_push(979): 1
var_push(980): 1
var_push(981): 1
var_push(982): 1
var_push(983): 1
var_push(984): 1
var_push(985): 1
var_push(986): 1
var_push(987): 1
var_push(988): 1
var_push(989): 1
var_push(990): 1
var_push(991): 1
var_push(992): 1
var_push(993): 1
var_push(994): 1
var_push(995): 1
var_push(996): 1
var_push(997): 1
var_push(998): 1
var_push(999): 1
var_push(1000): 1
var_push(1001): 1
var_push(1002): 1
var_push(1003): 1
var_push(1004): 1
var_push(1005): 1
var_push(1006): 1
var_push(1007): 1
var_push(1008): 1
var_push(1009): 1
var_push(1010): 1
var_push(1011): 1
var_push(1012): 1
var_push(1013): 1
var_push(1014): 1
var_push(1015): 1
var_push(1016): 1
var_push(1017): 1
var_push(1018): 1
var_push(1): 1
var_push(2): 1
var_push(3): 1
var_push(4): 1
var_push(5): 1
var_push(6): 1
var_push(7): 1
var_push(8): 1
var_push(9): 1
var_push(10): 1
var_push(11): 1
var_push(12): 1
var_push(13): 1
var_push(14): 1
var_push(15): 1
var_push(16): 1
var_push(17): 1
var_push(18): 1
var_push(19): 1
var_push(20): 1
var_push(21): 1
var_push(22): 1
var_push(23): 1
var_push(24): 1
var_push(25): 1
var_push(26): 1
var_push(27): 1
var_push(28): 1
var_push(29): 1
var_push(30): 1
var_push(31): 1
var_push(32): 1
var_push(33): 1
var_push(34): 1
var_push(35): 1
var_push(36): 1
var_push(37): 1
var_push(38): 1
var_push(39): 1
var_push(40): 1
var_push(41): 1
var_push(42): 1
var_push(43): 1
var_push(44): 1
var_push(45): 1
var_push(46): 1
var_push(47): 1
var_push(48): 1
var_push(49): 1
var_push(50): 1
var_push(51): 1
var_push(52): 1
var_push(53): 1
var_push(54): 1
var_push(55): 1
var_push(56): 1
var_push(57): 1
var_push(58): 1
var_push(59): 1
var_push(60): 1
var_push(61): 1
var_push(62): 1
var_push(63): 1
var_push(64): 1
var_push(65): 1
var_push(66): 1
var_push(67): 1
var_push(68): 1
var_push(69): 1
var_push(70): 1
var_push(71): 1
var_push(72): 1
var_push(73): 1
var_push(74): 1
var_push(75): 1
var_push(76): 1
var_push(77): 1
var_push(78): 1
var_push(79): 1
var_push(80): 1
var_push(81): 1
var_push(82): 1
var_push(83): 1
var_push(84): 1
var_push(85): 1
var_push(86): 1
var_push(87): 1
var_push(88): 1
var_push(89): 1
var_push(90): 1
var_push(91): 1
var_push(92): 1
var_push(93): 1
var_push(94): 1
var_push(95): 1
var_push(96): 1
var_push(97): 1
var_push(98): 1
var_push(99): 1
var_push(100): 1
var_push(101): 1
var_push(102): 1
var_push(103): 1
var_push(104): 1
var_push(105): 1
var_push(106): 1
var_push(107): 1
var_push(108): 1
var_push(109): 1
var_push(110): 1
var_push(111): 1
var_push(112): 1
var_push(113): 1
var_push(114): 1
var_push(115): 1
var_push(116): 1
var_push(117): 1
var_push(118): 1
var_push(119): 1
var_push(120): 1
var_push(121): 1
var_push(122): 1
var_push(123): 1
var_push(124): 1
var_push(125): 1
var_push(126): 1
var_push(127): 1
var_push(128): 1
var_push(129): 1
var_push(130): 1
var_push(131): 1
var_push(132): 1
var_push(133): 1
var_push(134): 1
var_push(135): 1
var_push(136): 1
var_push(137): 1
var_push(138): 1
var_push(139): 1
var_push(140): 1
var_push(141): 1
var_push(142): 1
var_push(143): 1
var_push(144): 1
var_push(145): 1
var_push(146): 1
var_push(147): 1
var_push(148): 1
var_push(149): 1
var_push(150): 1
var_push(151): 1
var_push(152): 1
var_push(153): 1
var_push(154): 1
var_push(155): 1
var_push(156): 1
var_push(157): 1
var_push(158): 1
var_push(159): 1
var_push(160): 1
var_push(161): 1
var_push(162): 1
var_push(163): 1
var_push(164): 1
var_push(165): 1
var_push(166): 1
var_push(167): 1
var_push(168): 1
var_push(169): 1
var_push(170): 1
var_push(171): 1
var_push(172): 1
var_push(173): 1
var_push(174): 1
var_push(175): 1
var_push(176): 1
var_push(177): 1
var_push(178): 1
var_push(179): 1
var_push(180): 1
var_push(181): 1
var_push(182): 1
var_push(183): 1
var_push(184): 1
var_push(185): 1
var_push(186): 1
var_push(187): 1
var_push(188): 1
var_push(189): 1
var_push(190): 1
var_push(191): 1
var_push(192): 1
var_push(193): 1
var_push(194): 1
var_push(195): 1
var_push(196): 1
var_push(197): 1
var_push(198): 1
var_push(199): 1
var_push(200): 1
var_push(201): 1
var_push(202): 1
var_push(203): 1
var_push(204): 1
var_push(205): 1
var_push(206): 1
var_push(207): 1
var_push(208): 1
var_push(209): 1
var_push(210): 1
var_push(211): 1
var_push(212): 1
var_push(213): 1
var_push(214): 1
var_push(215): 1
var_push(216): 1
var_push(217): 1
var_push(218): 1
var_push(219): 1
var_push(220): 1
var_push(221): 1
var_push(222): 1
var_push(223): 1
var_push(224): 1
var_push(225): 1
var_push(226): 1
var_push(227): 1
var_push(228): 1
var_push(229): 1
var_push(230): 1
var_push(231): 1
var_push(232): 1
var_push(233): 1
var_push(234): 1
var_push(235): 1
var_push(236): 1
var_push(237): 1
var_push(238): 1
var_push(239): 1
var_push(240): 1
var_push(241): 1
var_push(242): 1
var_push(243): 1
var_push(244): 1
var_push(245): 1
var_push(246): 1
var_push(247): 1
var_push(248): 1
var_push(249): 1
var_push(250): 1
var_push(251): 1
var_push(252): 1
var_push(253): 1
var_push(254): 1
var_push(255): 1
var_push(256): 1
var_push(257): 1
var_push(258): 1
var_push(259): 1
var_push(260): 1
var_push(261): 1
var_push(262): 1
var_push(263): 1
var_push(264): 1
var_push(265): 1
var_push(266): 1
var_push(267): 1
var_push(268): 1
var_push(269): 1
var_push(270): 1
var_push(271): 1
var_push(272): 1
var_push(273): 1
var_push(274): 1
var_push(275): 1
var_push(276): 1
var_push(277): 1
var_push(278): 1
var_push(279): 1
var_push(280): 1
var_push(281): 1
var_push(282): 1
var_push(283): 1
var_push(284): 1
var_push(285): 1
var_push(286): 1
var_push(287): 1
var_push(288): 1
var_push(289): 1
var_push(290): 1
var_push(291): 1
var_push(292): 1
var_push(293): 1
var_push(294): 1
var_push(295): 1
var_push(296): 1
var_push(297): 1
var_push(298): 1
var_push(299): 1
var_push(300): 1
var_push(301): 1
var_push(302): 1
var_push(303): 1
var_push(304): 1
var_push(305): 1
var_push(306): 1
var_push(307): 1
var_push(308): 1
var_push(309): 1
var_push(310): 1
var_push(311): 1
var_push(312): 1
var_push(313): 1
var_push(314): 1
var_push(315): 1
var_push(316): 1
var_push(317): 1
var_push(318): 1
var_push(319): 1
var_push(320): 1
var_push(321): 1
var_push(322): 1
var_push(323): 1
var_push(324): 1
var_push(325): 1
var_push(326): 1
var_push(327): 1
var_push(328): 1
var_push(329): 1
var_push(330): 1
var_push(331): 1
var_push(332): 1
var_push(333): 1
var_push(334): 1
var_push(335): 1
var_push(336): 1
var_push(337): 1
var_push(338): 1
var_push(339): 1
var_push(340): 1
var_push(341): 1
var_push(342): 1
var_push(343): 1
var_push(344): 1
var_push(345): 1
var_push(346): 1
var_push(347): 1
var_push(348): 1
var_push(349): 1
var_push(350): 1
var_push(351): 1
var_push(352): 1
var_push(353): 1
var_push(354): 1
var_push(355): 1
var_push(356): 1
var_push(357): 1
var_push(358): 1
var_push(359): 1
var_push(360): 1
var_push(361): 1
var_push(362): 1
var_push(363): 1
var_push(364): 1
var_push(365): 1
var_push(366): 1
var_push(367): 1
var_push(368): 1
var_push(369): 1
var_push(370): 1
var_push(371): 1
var_push(372): 1
var_push(373): 1
var_push(374): 1
var_push(375): 1
var_push(376): 1
var_push(377): 1
var_push(378): 1
var_push(379): 1
var_push(380): 1
var_push(381): 1
var_push(382): 1
var_push(383): 1
var_push(384): 1
var_push(385): 1
var_push(386): 1
var_push(387): 1
var_push(388): 1
var_push(389): 1
var_push(390): 1
var_push(391): 1
var_push(392): 1
var_push(393): 1
var_push(394): 1
var_push(395): 1
var_push(396): 1
var_push(397): 1
var_push(398): 1
var_push(399): 1
var_push(400): 1
var_push(401): 1
var_push(402): 1
var_push(403): 1
var_push(404): 1
var_push(405): 1
var_push(406): 1
var_push(407): 1
var_push(408): 1
var_push(409): 1
var_push(410): 1
var_push(411): 1
var_push(412): 1
var_push(413): 1
var_push(414): 1
var_push(415): 1
var_push(416): 1
var_push(417): 1
var_push(418): 1
var_push(419): 1
var_push(420): 1
var_push(421): 1
var_push(422): 1
var_push(423): 1
var_push(424): 1
var_push(425): 1
var_push(426): 1
var_push(427): 1
var_push(428): 1
var_push(429): 1
var_push(430): 1
var_push(431): 1
var_push(432): 1
var_push(433): 1
var_push(434): 1
var_push(435): 1
var_push(436): 1
var_push(437): 1
var_push(438): 1
var_push(439): 1
var_push(440): 1
var_push(441): 1
var_push(442): 1
var_push(443): 1
var_push(444): 1
var_push(445): 1
var_push(446): 1
var_push(447): 1
var_push(448): 1
var_push(449): 1
var_push(450): 1
var_push(451): 1
var_push(452): 1
var_push(453): 1
var_push(454): 1
var_push(455): 1
var_push(456): 1
var_push(457): 1
var_push(458): 1
var_push(459): 1
var_push(460): 1
var_push(461): 1
var_push(462): 1
var_push(463): 1
var_push(464): 1
var_push(465): 1
var_push(466): 1
var_push(467): 1
var_push(468): 1
var_push(469): 1
var_push(470): 1
var_push(471): 1
var_push(472): 1
var_push(473): 1
var_push(474): 1
var_push(475): 1
var_push(476): 1
var_push(477): 1
var_push(478): 1
var_push(479): 1
var_push(480): 1
var_push(481): 1
var_push(482): 1
var_push(483): 1
var_push(484): 1
var_push(485): 1
var_push(486): 1
var_push(487): 1
var_push(488): 1
var_push(489): 1
var_push(490): 1
var_push(491): 1
var_push(492): 1
var_push(493): 1
var_push(494): 1
var_push(495): 1
var_push(496): 1
var_push(497): 1
var_push(498): 1
var_push(499): 1
var_push(500): 1
var_push(501): 1
var_push(502): 1
var_push(503): 1
var_push(504): 1
var_push(505): 1
var_push(506): 1
var_push(507): 1
var_push(508): 1
var_push(509): 1
var_push(510): 1
var_push(511): 1
var_push(512): 1
var_push(513): 1
var_push(514): 1
var_push(515): 1
var_push(516): 1
var_push(517): 1
var_push(518): 1
var_push(519): 1
var_push(520): 1
var_push(521): 1
var_push(522): 1
var_push(523): 1
var_push(524): 1
var_push(525): 1
var_push(526): 1
var_push(527): 1
var_push(528): 1
var_push(529): 1
var_push(530): 1
var_push(531): 1
var_push(532): 1
var_push(533): 1
var_push(534): 1
var_push(535): 1
var_push(536): 1
var_push(537): 1
var_push(538): 1
var_push(539): 1
var_push(540): 1
var_push(541): 1
var_push(542): 1
var_push(543): 1
var_push(544): 1
var_push(545): 1
var_push(546): 1
var_push(547): 1
var_push(548): 1
var_push(549): 1
var_push(550): 1
var_push(551): 1
var_push(552): 1
var_push(553): 1
var_push(554): 1
var_push(555): 1
var_push(556): 1
var_push(557): 1
var_push(558): 1
var_push(559): 1
var_push(560): 1
var_push(561): 1
var_push(562): 1
var_push(563): 1
var_push(564): 1
var_push(565): 1
var_push(566): 1
var_push(567): 1
var_push(568): 1
var_push(569): 1
var_push(570): 1
var_push(571): 1
var_push(572): 1
var_push(573): 1
var_push(574): 1
var_push(575): 1
var_push(576): 1
var_push(577): 1
var_push(578): 1
var_push(579): 1
var_push(580): 1
var_push(581): 1
var_push(582): 1
var_push(583): 1
var_push(584): 1
var_push(585): 1
var_push(586): 1
var_push(587): 1
var_push(588): 1
var_push(589): 1
var_push(590): 1
var_push(591): 1
var_push(592): 1
var_push(593): 1
var_push(594): 1
var_push(595): 1
var_push(596): 1
var_push(597): 1
var_push(598): 1
var_push(599): 1
var_push(600): 1
var_push(601): 1
var_push(602): 1
var_push(603): 1
var_push(604): 1
var_push(605): 1
var_push(606): 1
var_push(607): 1
var_push(608): 1
var_push(609): 1
var_push(610): 1
var_push(611): 1
var_push(612): 1
var_push(613): 1
var_push(614): 1
var_push(615): 1
var_push(616): 1
var_push(617): 1
var_push(618): 1
var_push(619): 1
var_push(620): 1
var_push(621): 1
var_push(622): 1
var_push(623): 1
var_push(624): 1
var_push(625): 1
var_push(626): 1
var_push(627): 1
var_push(628): 1
var_push(629): 1
var_push(630): 1
var_push(631): 1
var_push(632): 1
var_push(633): 1
var_push(634): 1
var_push(635): 1
var_push(636): 1
var_push(637): 1
var_push(638): 1
var_push(639): 1
var_push(640): 1
var_push(641): 1
var_push(642): 1
var_push(643): 1
var_push(644): 1
var_push(645): 1
var_push(646): 1
var_push(647): 1
var_push(648): 1
var_push(649): 1
var_push(650): 1
var_push(651): 1
var_push(652): 1
var_push(653): 1
var_push(654): 1
var_push(655): 1
var_push(656): 1
var_push(657): 1
var_push(658): 1
var_push(659): 1
var_push(660): 1
var_push(661): 1
var_push(662): 1
var_push(663): 1
var_push(664): 1
var_push(665): 1
var_push(666): 1
var_push(667): 1
var_push(668): 1
var_push(669): 1
var_push(670): 1
var_push(671): 1
var_push(672): 1
var_push(673): 1
var_push(674): 1
var_push(675): 1
var_push(676): 1
var_push(677): 1
var_push(678): 1
var_push(679): 1
var_push(680): 1
var_push(681): 1
var_push(682): 1
var_push(683): 1
var_push(684): 1
var_push(685): 1
var_push(686): 1
var_push(687): 1
var_push(688): 1
var_push(689): 1
var_push(690): 1
var_push(691): 1
var_push(692): 1
var_push(693): 1
var_push(694): 1
var_push(695): 1
var_push(696): 1
var_push(697): 1
var_push(698): 1
var_push(699): 1
var_push(700): 1
var_push(701): 1
var_push(702): 1
var_push(703): 1
var_push(704): 1
var_push(705): 1
var_push(706): 1
var_push(707): 1
var_push(708): 1
var_push(709): 1
var_push(710): 1
var_push(711): 1
var_push(712): 1
var_push(713): 1
var_push(714): 1
var_push(715): 1
var_push(716): 1
var_push(717): 1
var_push(718): 1
var_push(719): 1
var_push(720): 1
var_push(721): 1
var_push(722): 1
var_push(723): 1
var_push(724): 1
var_push(725): 1
var_push(726): 1
var_push(727): 1
var_push(728): 1
var_push(729): 1
var_push(730): 1
var_push(731): 1
var_push(732): 1
var_push(733): 1
var_push(734): 1
var_push(735): 1
var_push(736): 1
var_push(737): 1
var_push(738): 1
var_push(739): 1
var_push(740): 1
var_push(741): 1
var_push(742): 1
var_push(743): 1
var_push(744): 1
var_push(745): 1
var_push(746): 1
var_push(747): 1
var_push(748): 1
var_push(749): 1
var_push(750): 1
var_push(751): 1
var_push(752): 1
var_push(753): 1
var_push(754): 1
var_push(755): 1
var_push(756): 1
var_push(757): 1
var_push(758): 1
var_push(759): 1
var_push(760): 1
var_push(761): 1
var_push(762): 1
var_push(763): 1
var_push(764): 1
var_push(765): 1
var_push(766): 1
var_push(767): 1
var_push(768): 1
var_push(769): 1
var_push(770): 1
var_push(771): 1
var_push(772): 1
var_push(773): 1
var_push(774): 1
var_push(775): 1
var_push(776): 1
var_push(777): 1
var_push(778): 1
var_push(779): 1
var_push(780): 1
var_push(781): 1
var_push(782): 1
var_push(783): 1
var_push(784): 1
var_push(785): 1
var_push(786): 1
var_push(787): 1
var_push(788): 1
var_push(789): 1
var_push(790): 1
var_push(791): 1
var_push(792): 1
var_push(793): 1
var_push(794): 1
var_push(795): 1
var_push(796): 1
var_push(797): 1
var_push(798): 1
var_push(799): 1
var_push(800): 1
var_push(801): 1
var_push(802): 1
var_push(803): 1
var_push(804): 1
var_push(805): 1
var_push(806): 1
var_push(807): 1
var_push(808): 1
var_push(809): 1
var_push(810): 1
var_push(811): 1
var_push(812): 1
var_push(813): 1
var_push(814): 1
var_push(815): 1
var_push(816): 1
var_push(817): 1
var_push(818): 1
var_push(819): 1
var_push(820): 1
var_push(821): 1
var_push(822): 1
var_push(823): 1
var_push(824): 1
var_push(825): 1
var_push(826): 1
var_push(827): 1
var_push(828): 1
var_push(829): 1
var_push(830): 1
var_push(831): 1
var_push(832): 1
var_push(833): 1
var_push(834): 1
var_push(835): 1
var_push(836): 1
var_push(837): 1
var_push(838): 1
var_push(839): 1
var_push(840): 1
var_push(841): 1
var_push(842): 1
var_push(843): 1
var_push(844): 1
var_push(845): 1
var_push(846): 1
var_push(847): 1
var_push(848): 1
var_push(849): 1
var_push(850): 1
var_push(851): 1
var_push(852): 1
var_push(853): 1
var_push(854): 1
var_push(855): 1
var_push(856): 1
var_push(857): 1
var_push(858): 1
var_push(859): 1
var_push(860): 1
var_push(861): 1
var_push(862): 1
var_push(863): 1
var_push(864): 1
var_push(865): 1
var_push(866): 1
var_push(867): 1
var_push(868): 1
var_push(869): 1
var_push(870): 1
var_push(871): 1
var_push(872): 1
var_push(873): 1
var_push(874): 1
var_push(875): 1
var_push(876): 1
var_push(877): 1
var_push(878): 1
var_push(879): 1
var_push(880): 1
var_push(881): 1
var_push(882): 1
var_push(883): 1
var_push(884): 1
var_push(885): 1
var_push(886): 1
var_push(887): 1
var_push(888): 1
var_push(889): 1
var_push(890): 1
var_push(891): 1
var_push(892): 1
var_push(893): 1
var_push(894): 1
var_push(895): 1
var_push(896): 1
var_push(897): 1
var_push(898): 1
var_push(899): 1
var_push(900): 1
var_push(901): 1
var_push(902): 1
var_push(903): 1
var_push(904): 1
var_push(905): 1
var_push(906): 1
var_push(907): 1
var_push(908): 1
var_push(909): 1
var_push(910): 1
var_push(911): 1
var_push(912): 1
var_push(913): 1
var_push(914): 1
var_push(915): 1
var_push(916): 1
var_push(917): 1
var_push(918): 1
var_push(919): 1
var_push(920): 1
var_push(921): 1
var_push(922): 1
var_push(923): 1
var_push(924): 1
var_push(925): 1
var_push(926): 1
var_push(927): 1
var_push(928): 1
var_push(929): 1
var_push(930): 1
var_push(931): 1
var_push(932): 1
var_push(933): 1
var_push(934): 1
var_push(935): 1
var_push(936): 1
var_push(937): 1
var_push(938): 1
var_push(939): 1
var_push(940): 1
var_push(941): 1
var_push(942): 1
var_push(943): 1
var_push(944): 1
var_push(945): 1
var_push(946): 1
var_push(947): 1
var_push(948): 1
var_push(949): 1
var_push(950): 1
var_push(951): 1
var_push(952): 1
var_push(953): 1
var_push(954): 1
var_push(955): 1
var_push(956): 1
var_push(957): 1
var_push(958): 1
var_push(959): 1
var_push(960): 1
var_push(961): 1
var_push(962): 1
var_push(963): 1
var_push(964): 1
var_push(965): 1
var_push(966): 1
var_push(967): 1
var_push(968): 1
var_push(969): 1
var_push(970): 1
var_push(971): 1
var_push(972): 1
var_push(973): 1
var_push(974): 1
var_push(975): 1
var_push(976): 1
var_push(977): 1
var_push(978): 1
var_push(979): 1
var_push(980): 1
var_push(981): 1
var_push(982): 1
var_push(983): 1
var_push(984): 1
var_destroy( 985)
var_destroy dtor(0x7d79c9d46910, 1)
[A::__destruct] inner R: backref
=================================================================
==1232653==ERROR: AddressSanitizer: heap-use-after-free on address 0x7db9c9e9f900 at pc 0x55f933eb8fa0 bp 0x7ffcdd5268c0 sp 0x7ffcdd5268b8
READ of size 8 at 0x7db9c9e9f900 thread T0
    #0 0x55f933eb8f9f in php_var_unserialize /root/php-audit/php-8.5.5/ext/standard/var_unserializer.c:849
    #1 0x55f933ecd9ca in php_unserialize_with_options /root/php-audit/php-8.5.5/ext/standard/var.c:1464
    #2 0x55f933ece490 in zif_unserialize /root/php-audit/php-8.5.5/ext/standard/var.c:1522
    #3 0x55f93423d073 in ZEND_DO_ICALL_SPEC_RETVAL_USED_HANDLER /root/php-audit/php-8.5.5/Zend/zend_vm_execute.h:1421
    #4 0x55f93439c043 in execute_ex /root/php-audit/php-8.5.5/Zend/zend_vm_execute.h:116419
    #5 0x55f93420410c in zend_call_function /root/php-audit/php-8.5.5/Zend/zend_execute_API.c:1010
    #6 0x55f9342050f8 in zend_call_known_function /root/php-audit/php-8.5.5/Zend/zend_execute_API.c:1104
    #7 0x55f9344a6b4a in zend_call_known_instance_method /root/php-audit/php-8.5.5/Zend/zend_API.h:866
    #8 0x55f9344a6b84 in zend_call_known_instance_method_with_0_params /root/php-audit/php-8.5.5/Zend/zend_API.h:872
    #9 0x55f9344a7a79 in zend_objects_destroy_object /root/php-audit/php-8.5.5/Zend/zend_objects.c:172
    #10 0x55f9344a5028 in zend_objects_store_del /root/php-audit/php-8.5.5/Zend/zend_objects_API.c:181
    #11 0x55f9344f4779 in rc_dtor_func /root/php-audit/php-8.5.5/Zend/zend_variables.c:57
    #12 0x55f933eb289b in i_zval_ptr_dtor /root/php-audit/php-8.5.5/Zend/zend_variables.h:45
    #13 0x55f933eb539f in var_destroy /root/php-audit/php-8.5.5/ext/standard/var_unserializer.c:309
    #14 0x55f933eb3564 in php_var_unserialize_destroy /root/php-audit/php-8.5.5/ext/standard/var_unserializer.c:88
    #15 0x55f933ecdecb in php_unserialize_with_options /root/php-audit/php-8.5.5/ext/standard/var.c:1498
    #16 0x55f933ece490 in zif_unserialize /root/php-audit/php-8.5.5/ext/standard/var.c:1522
    #17 0x55f93423d073 in ZEND_DO_ICALL_SPEC_RETVAL_USED_HANDLER /root/php-audit/php-8.5.5/Zend/zend_vm_execute.h:1421
    #18 0x55f93439c043 in execute_ex /root/php-audit/php-8.5.5/Zend/zend_vm_execute.h:116419
    #19 0x55f9343b01fe in zend_execute /root/php-audit/php-8.5.5/Zend/zend_vm_execute.h:121902
    #20 0x55f93450ebd0 in zend_execute_script /root/php-audit/php-8.5.5/Zend/zend.c:1977
    #21 0x55f933f5e234 in php_execute_script_ex /root/php-audit/php-8.5.5/main/main.c:2641
    #22 0x55f933f5e628 in php_execute_script /root/php-audit/php-8.5.5/main/main.c:2681
    #23 0x55f934514523 in do_cli /root/php-audit/php-8.5.5/sapi/cli/php_cli.c:951
    #24 0x55f934516ac4 in main /root/php-audit/php-8.5.5/sapi/cli/php_cli.c:1362
    #25 0x7f69ca829f67  (/usr/lib/x86_64-linux-gnu/libc.so.6+0x29f67) (BuildId: 666f6ca8b64b431bce510d38dfe7792d7cf4202c)
    #26 0x7f69ca82a024 in __libc_start_main (/usr/lib/x86_64-linux-gnu/libc.so.6+0x2a024) (BuildId: 666f6ca8b64b431bce510d38dfe7792d7cf4202c)
    #27 0x55f933402690 in _start (/root/php-audit/php-8.5.5/sapi/cli/php+0x402690) (BuildId: 078b7ac363acb3334f6ebac0085b42022b9d8c43)

0x7db9c9e9f900 is located 0 bytes inside of 8160-byte region [0x7db9c9e9f900,0x7db9c9ea18e0)
freed by thread T0 here:
    #0 0x7f69cad2340f in free ../../../../src/libsanitizer/asan/asan_malloc_linux.cpp:51
    #1 0x55f93410a906 in __zend_free /root/php-audit/php-8.5.5/Zend/zend_alloc.c:3571
    #2 0x55f934106930 in _efree /root/php-audit/php-8.5.5/Zend/zend_alloc.c:2790
    #3 0x55f933eb47a4 in var_destroy /root/php-audit/php-8.5.5/ext/standard/var_unserializer.c:245
    #4 0x55f933eb3564 in php_var_unserialize_destroy /root/php-audit/php-8.5.5/ext/standard/var_unserializer.c:88
    #5 0x55f933ecdecb in php_unserialize_with_options /root/php-audit/php-8.5.5/ext/standard/var.c:1498
    #6 0x55f933ece490 in zif_unserialize /root/php-audit/php-8.5.5/ext/standard/var.c:1522
    #7 0x55f93423d073 in ZEND_DO_ICALL_SPEC_RETVAL_USED_HANDLER /root/php-audit/php-8.5.5/Zend/zend_vm_execute.h:1421
    #8 0x55f93439c043 in execute_ex /root/php-audit/php-8.5.5/Zend/zend_vm_execute.h:116419
    #9 0x55f9343b01fe in zend_execute /root/php-audit/php-8.5.5/Zend/zend_vm_execute.h:121902
    #10 0x55f93450ebd0 in zend_execute_script /root/php-audit/php-8.5.5/Zend/zend.c:1977
    #11 0x55f933f5e234 in php_execute_script_ex /root/php-audit/php-8.5.5/main/main.c:2641
    #12 0x55f933f5e628 in php_execute_script /root/php-audit/php-8.5.5/main/main.c:2681
    #13 0x55f934514523 in do_cli /root/php-audit/php-8.5.5/sapi/cli/php_cli.c:951
    #14 0x55f934516ac4 in main /root/php-audit/php-8.5.5/sapi/cli/php_cli.c:1362
    #15 0x7f69ca829f67  (/usr/lib/x86_64-linux-gnu/libc.so.6+0x29f67) (BuildId: 666f6ca8b64b431bce510d38dfe7792d7cf4202c)

previously allocated by thread T0 here:
    #0 0x7f69cad2435f in malloc ../../../../src/libsanitizer/asan/asan_malloc_linux.cpp:67
    #1 0x55f93410a7ca in __zend_malloc /root/php-audit/php-8.5.5/Zend/zend_alloc.c:3543
    #2 0x55f934106857 in _emalloc /root/php-audit/php-8.5.5/Zend/zend_alloc.c:2780
    #3 0x55f933eb393e in var_push /root/php-audit/php-8.5.5/ext/standard/var_unserializer.c:125
    #4 0x55f933eb9271 in php_var_unserialize_internal /root/php-audit/php-8.5.5/ext/standard/var_unserializer.c:886
    #5 0x55f933eb65c4 in process_nested_array_data /root/php-audit/php-8.5.5/ext/standard/var_unserializer.c:506
    #6 0x55f933ebe200 in php_var_unserialize_internal /root/php-audit/php-8.5.5/ext/standard/var_unserializer.c:1742
    #7 0x55f933eb8fc9 in php_var_unserialize /root/php-audit/php-8.5.5/ext/standard/var_unserializer.c:852
    #8 0x55f933ecd9ca in php_unserialize_with_options /root/php-audit/php-8.5.5/ext/standard/var.c:1464
    #9 0x55f933ece490 in zif_unserialize /root/php-audit/php-8.5.5/ext/standard/var.c:1522
    #10 0x55f93423d073 in ZEND_DO_ICALL_SPEC_RETVAL_USED_HANDLER /root/php-audit/php-8.5.5/Zend/zend_vm_execute.h:1421
    #11 0x55f93439c043 in execute_ex /root/php-audit/php-8.5.5/Zend/zend_vm_execute.h:116419
    #12 0x55f9343b01fe in zend_execute /root/php-audit/php-8.5.5/Zend/zend_vm_execute.h:121902
    #13 0x55f93450ebd0 in zend_execute_script /root/php-audit/php-8.5.5/Zend/zend.c:1977
    #14 0x55f933f5e234 in php_execute_script_ex /root/php-audit/php-8.5.5/main/main.c:2641
    #15 0x55f933f5e628 in php_execute_script /root/php-audit/php-8.5.5/main/main.c:2681
    #16 0x55f934514523 in do_cli /root/php-audit/php-8.5.5/sapi/cli/php_cli.c:951
    #17 0x55f934516ac4 in main /root/php-audit/php-8.5.5/sapi/cli/php_cli.c:1362
    #18 0x7f69ca829f67  (/usr/lib/x86_64-linux-gnu/libc.so.6+0x29f67) (BuildId: 666f6ca8b64b431bce510d38dfe7792d7cf4202c)

SUMMARY: AddressSanitizer: heap-use-after-free /root/php-audit/php-8.5.5/ext/standard/var_unserializer.c:849 in php_var_unserialize
Shadow bytes around the buggy address:
  0x7db9c9e9f680: fa fa fa fa fa fa fa fa fa fa fa fa fa fa fa fa
  0x7db9c9e9f700: fa fa fa fa fa fa fa fa fa fa fa fa fa fa fa fa
  0x7db9c9e9f780: fa fa fa fa fa fa fa fa fa fa fa fa fa fa fa fa
  0x7db9c9e9f800: fa fa fa fa fa fa fa fa fa fa fa fa fa fa fa fa
  0x7db9c9e9f880: fa fa fa fa fa fa fa fa fa fa fa fa fa fa fa fa
=>0x7db9c9e9f900:[fd]fd fd fd fd fd fd fd fd fd fd fd fd fd fd fd
  0x7db9c9e9f980: fd fd fd fd fd fd fd fd fd fd fd fd fd fd fd fd
  0x7db9c9e9fa00: fd fd fd fd fd fd fd fd fd fd fd fd fd fd fd fd
  0x7db9c9e9fa80: fd fd fd fd fd fd fd fd fd fd fd fd fd fd fd fd
  0x7db9c9e9fb00: fd fd fd fd fd fd fd fd fd fd fd fd fd fd fd fd
  0x7db9c9e9fb80: fd fd fd fd fd fd fd fd fd fd fd fd fd fd fd fd
Shadow byte legend (one shadow byte represents 8 application bytes):
  Addressable:           00
  Partially addressable: 01 02 03 04 05 06 07 
  Heap left redzone:       fa
  Freed heap region:       fd
  Stack left redzone:      f1
  Stack mid redzone:       f2
  Stack right redzone:     f3
  Stack after return:      f5
  Stack use after scope:   f8
  Global redzone:          f9
  Global init order:       f6
  Poisoned by user:        f7
  Container overflow:      fc
  Array cookie:            ac
  Intra object redzone:    bb
  ASan internal:           fe
  Left alloca redzone:     ca
  Right alloca redzone:    cb
==1232653==ABORTING
